2026-06-24T07:39:36.772-05:00  INFO 56136 --- [StreamGo] [main] com.StreamGo.StreamGoApplication         : Starting StreamGoApplication using Java 21.0.8 with PID 56136 (C:\Users\l3v1g\OneDrive\Documentos\Visual Studio 2022\HTML\INTEGRADOR_LEVI\StreamGo\StreamGo-backend\build\classes\java\main started by l3v1g in C:\Users\l3v1g\OneDrive\Documentos\Visual Studio 2022\HTML\INTEGRADOR_LEVI\StreamGo\StreamGo-backend)
2026-06-24T07:39:36.795-05:00 DEBUG 56136 --- [StreamGo] [main] com.StreamGo.StreamGoApplication         : Running with Spring Boot v4.0.6, Spring v7.0.7
2026-06-24T07:39:36.797-05:00  INFO 56136 --- [StreamGo] [main] com.StreamGo.StreamGoApplication         : No active profile set, falling back to 1 default profile: "default"
2026-06-24T07:39:39.585-05:00  INFO 56136 --- [StreamGo] [main] .s.d.r.c.RepositoryConfigurationDelegate : Bootstrapping Spring Data JPA repositories in DEFAULT mode.
2026-06-24T07:39:39.833-05:00  INFO 56136 --- [StreamGo] [main] .s.d.r.c.RepositoryConfigurationDelegate : Finished Spring Data repository scanning in 222 ms. Found 11 JPA repository interfaces.
2026-06-24T07:39:41.392-05:00  INFO 56136 --- [StreamGo] [main] o.s.boot.tomcat.TomcatWebServer          : Tomcat initialized with port 8080 (http)
2026-06-24T07:39:41.429-05:00  INFO 56136 --- [StreamGo] [main] o.apache.catalina.core.StandardService   : Starting service [Tomcat]
2026-06-24T07:39:41.430-05:00  INFO 56136 --- [StreamGo] [main] o.apache.catalina.core.StandardEngine    : Starting Servlet engine: [Apache Tomcat/11.0.21]
2026-06-24T07:39:41.712-05:00  INFO 56136 --- [StreamGo] [main] b.w.c.s.WebApplicationContextInitializer : Root WebApplicationContext: initialization completed in 4782 ms
2026-06-24T07:39:41.848-05:00 DEBUG 56136 --- [StreamGo] [main] c.S.security.JwtAuthenticationFilter     : Filter 'jwtAuthenticationFilter' configured for use
2026-06-24T07:39:42.256-05:00  INFO 56136 --- [StreamGo] [main] org.hibernate.orm.jpa                    : HHH008540: Processing PersistenceUnitInfo [name: default]
2026-06-24T07:39:42.465-05:00  INFO 56136 --- [StreamGo] [main] org.hibernate.orm.core                   : HHH000001: Hibernate ORM core version 7.2.12.Final
2026-06-24T07:39:43.819-05:00  INFO 56136 --- [StreamGo] [main] o.s.o.j.p.SpringPersistenceUnitInfo      : No LoadTimeWeaver setup: ignoring JPA class transformer
2026-06-24T07:39:43.923-05:00  INFO 56136 --- [StreamGo] [main] com.zaxxer.hikari.HikariDataSource       : HikariPool-1 - Starting...
2026-06-24T07:39:44.885-05:00  INFO 56136 --- [StreamGo] [main] com.zaxxer.hikari.pool.HikariPool        : HikariPool-1 - Added connection com.mysql.cj.jdbc.ConnectionImpl@2b82018
2026-06-24T07:39:44.891-05:00  INFO 56136 --- [StreamGo] [main] com.zaxxer.hikari.HikariDataSource       : HikariPool-1 - Start completed.
2026-06-24T07:39:45.180-05:00  INFO 56136 --- [StreamGo] [main] org.hibernate.orm.connections.pooling    : HHH10001005: Database info:
	Database JDBC URL [jdbc:mysql://localhost:3306/StreamGo]
	Database driver: MySQL Connector/J
	Database dialect: MySQLDialect
	Database version: 8.0.30
	Default catalog/schema: StreamGo/undefined
	Autocommit mode: undefined/unknown
	Isolation level: REPEATABLE_READ [default REPEATABLE_READ]
	JDBC fetch size: none
	Pool: DataSourceConnectionProvider
	Minimum pool size: undefined/unknown
	Maximum pool size: undefined/unknown
2026-06-24T07:39:47.960-05:00  INFO 56136 --- [StreamGo] [main] org.hibernate.orm.core                   : HHH000489: No JTA platform available (set 'hibernate.transaction.jta.platform' to enable JTA platform integration)
2026-06-24T07:39:48.286-05:00  INFO 56136 --- [StreamGo] [main] j.LocalContainerEntityManagerFactoryBean : Initialized JPA EntityManagerFactory for persistence unit 'default'
2026-06-24T07:39:48.501-05:00  INFO 56136 --- [StreamGo] [main] o.s.d.j.r.query.QueryEnhancerFactories   : Hibernate is in classpath; If applicable, HQL parser will be used.
2026-06-24T07:39:53.650-05:00  INFO 56136 --- [StreamGo] [main] o.s.boot.tomcat.TomcatWebServer          : Tomcat started on port 8080 (http) with context path '/'
2026-06-24T07:39:53.668-05:00  INFO 56136 --- [StreamGo] [main] com.StreamGo.StreamGoApplication         : Started StreamGoApplication in 18.119 seconds (process running for 20.419)
